<?xml version="1.0" encoding="UTF-8"?>
<!-- Generated by org.testng.reporters.JUnitXMLReporter -->
<testsuite ignored="0" hostname="LAPTOP-9P6H3OF9" failures="0" tests="3" name="Default test" time="37.975" errors="0" timestamp="2022-08-29T00:15:02 IST">
  <testcase classname="SeleniumModule3.TestNgAssignment3" name="StudentRegistrationFormTest" time="2.18"/>
  <testcase classname="SeleniumModule3.TestNgAssignment3" name="test1" time="0.0"/>
  <testcase classname="SeleniumModule3.TestNgAssignment3" name="test2" time="0.008"/>
</testsuite> <!-- Default test -->
