<?xml version="1.0" encoding="UTF-8"?>
<testng-results ignored="0" total="3" passed="3" failed="0" skipped="0">
  <reporter-output>
  </reporter-output>
  <suite started-at="2022-08-29T00:14:24 IST" name="Default suite" finished-at="2022-08-29T00:15:02 IST" duration-ms="37975">
    <groups>
      <group name="smoke">
        <method signature="TestNgAssignment3.test1()[pri:0, instance:SeleniumModule3.TestNgAssignment3@6069db50]" name="test1" class="SeleniumModule3.TestNgAssignment3"/>
        <method signature="TestNgAssignment3.test2()[pri:0, instance:SeleniumModule3.TestNgAssignment3@6069db50]" name="test2" class="SeleniumModule3.TestNgAssignment3"/>
      </group> <!-- smoke -->
      <group name="Regression">
        <method signature="TestNgAssignment3.StudentRegistrationFormTest()[pri:0, instance:SeleniumModule3.TestNgAssignment3@6069db50]" name="StudentRegistrationFormTest" class="SeleniumModule3.TestNgAssignment3"/>
      </group> <!-- Regression -->
    </groups>
    <test started-at="2022-08-29T00:14:24 IST" name="Default test" finished-at="2022-08-29T00:15:02 IST" duration-ms="37975">
      <class name="SeleniumModule3.TestNgAssignment3">
        <test-method is-config="true" signature="LaunchBrowser()[pri:0, instance:SeleniumModule3.TestNgAssignment3@6069db50]" started-at="2022-08-29T00:14:24 IST" name="LaunchBrowser" finished-at="2022-08-29T00:14:40 IST" duration-ms="16322" status="PASS">
          <reporter-output>
          </reporter-output>
        </test-method> <!-- LaunchBrowser -->
        <test-method signature="StudentRegistrationFormTest()[pri:0, instance:SeleniumModule3.TestNgAssignment3@6069db50]" started-at="2022-08-29T00:14:40 IST" name="StudentRegistrationFormTest" finished-at="2022-08-29T00:14:42 IST" duration-ms="2180" status="PASS">
          <reporter-output>
          </reporter-output>
        </test-method> <!-- StudentRegistrationFormTest -->
        <test-method is-config="true" signature="closeTheApplication()[pri:0, instance:SeleniumModule3.TestNgAssignment3@6069db50]" started-at="2022-08-29T00:14:42 IST" name="closeTheApplication" finished-at="2022-08-29T00:14:43 IST" duration-ms="797" status="PASS">
          <reporter-output>
          </reporter-output>
        </test-method> <!-- closeTheApplication -->
        <test-method is-config="true" signature="LaunchBrowser()[pri:0, instance:SeleniumModule3.TestNgAssignment3@6069db50]" started-at="2022-08-29T00:14:43 IST" name="LaunchBrowser" finished-at="2022-08-29T00:14:52 IST" duration-ms="8632" status="PASS">
          <reporter-output>
          </reporter-output>
        </test-method> <!-- LaunchBrowser -->
        <test-method signature="test1()[pri:0, instance:SeleniumModule3.TestNgAssignment3@6069db50]" started-at="2022-08-29T00:14:52 IST" name="test1" finished-at="2022-08-29T00:14:52 IST" duration-ms="0" status="PASS">
          <reporter-output>
          </reporter-output>
        </test-method> <!-- test1 -->
        <test-method is-config="true" signature="closeTheApplication()[pri:0, instance:SeleniumModule3.TestNgAssignment3@6069db50]" started-at="2022-08-29T00:14:52 IST" name="closeTheApplication" finished-at="2022-08-29T00:14:52 IST" duration-ms="660" status="PASS">
          <reporter-output>
          </reporter-output>
        </test-method> <!-- closeTheApplication -->
        <test-method is-config="true" signature="LaunchBrowser()[pri:0, instance:SeleniumModule3.TestNgAssignment3@6069db50]" started-at="2022-08-29T00:14:52 IST" name="LaunchBrowser" finished-at="2022-08-29T00:15:01 IST" duration-ms="8608" status="PASS">
          <reporter-output>
          </reporter-output>
        </test-method> <!-- LaunchBrowser -->
        <test-method signature="test2()[pri:0, instance:SeleniumModule3.TestNgAssignment3@6069db50]" started-at="2022-08-29T00:15:01 IST" name="test2" finished-at="2022-08-29T00:15:01 IST" duration-ms="8" status="PASS">
          <reporter-output>
          </reporter-output>
        </test-method> <!-- test2 -->
        <test-method is-config="true" signature="closeTheApplication()[pri:0, instance:SeleniumModule3.TestNgAssignment3@6069db50]" started-at="2022-08-29T00:15:01 IST" name="closeTheApplication" finished-at="2022-08-29T00:15:02 IST" duration-ms="692" status="PASS">
          <reporter-output>
          </reporter-output>
        </test-method> <!-- closeTheApplication -->
      </class> <!-- SeleniumModule3.TestNgAssignment3 -->
    </test> <!-- Default test -->
  </suite> <!-- Default suite -->
</testng-results>
