<?xml version="1.0" encoding="UTF-8"?>
<!-- Generated by org.testng.reporters.JUnitXMLReporter -->
<testsuite ignored="2" hostname="LAPTOP-9P6H3OF9" failures="0" tests="1" name="Test3" time="17.466" errors="0" timestamp="2022-08-29T00:14:00 IST">
  <testcase classname="SeleniumModule3.TestNgAssignment3" name="StudentRegistrationFormTest" time="1.868"/>
  <testcase classname="SeleniumModule3.TestNgAssignment3" name="test1" time="0.0">
    <ignored/>
  </testcase> <!-- test1 -->
  <testcase classname="SeleniumModule3.TestNgAssignment3" name="test2" time="0.0">
    <ignored/>
  </testcase> <!-- test2 -->
</testsuite> <!-- Test3 -->
